[0m20:16:26.821308 [debug] [MainThread]: Sending event: {'category': 'dbt', 'action': 'invocation', 'label': 'start', 'context': [<snowplow_tracker.self_describing_json.SelfDescribingJson object at 0x10d1d55d0>, <snowplow_tracker.self_describing_json.SelfDescribingJson object at 0x10d248710>, <snowplow_tracker.self_describing_json.SelfDescribingJson object at 0x10d267f10>]}


============================== 20:16:26.824130 | c673273f-a122-4634-8903-03036c44d9b3 ==============================
[0m20:16:26.824130 [info ] [MainThread]: Running with dbt=1.9.8
[0m20:16:26.824450 [debug] [MainThread]: running dbt with arguments {'printer_width': '80', 'indirect_selection': 'eager', 'write_json': 'True', 'log_cache_events': 'False', 'partial_parse': 'True', 'cache_selected_only': 'False', 'profiles_dir': '/Users/element/.dbt', 'debug': 'False', 'fail_fast': 'False', 'log_path': 'logs', 'version_check': 'True', 'warn_error': 'None', 'use_colors': 'True', 'use_experimental_parser': 'False', 'no_print': 'None', 'quiet': 'False', 'empty': 'None', 'log_format': 'default', 'invocation_command': 'dbt init dbt_project', 'static_parser': 'True', 'warn_error_options': 'WarnErrorOptions(include=[], exclude=[])', 'target_path': 'None', 'introspect': 'True', 'send_anonymous_usage_stats': 'True'}
[0m20:16:26.834201 [warn ] [MainThread]: [ConfigFolderDirectory]: Unable to parse logging event dictionary. Failed to parse dir field: expected string or bytes-like object, got 'PosixPath'.. Dictionary: {'dir': PosixPath('/Users/element/.dbt')}
[0m20:16:26.834743 [info ] [MainThread]: Creating dbt configuration folder at 
[0m20:16:26.835820 [debug] [MainThread]: Starter project path: /Users/element/Documents/venvs/mmi_env/lib/python3.11/site-packages/dbt/include/starter_project
[0m20:16:26.839888 [info ] [MainThread]: 
Your new dbt project "dbt_project" was created!

For more information on how to configure the profiles.yml file,
please consult the dbt documentation here:

  https://docs.getdbt.com/docs/configure-your-profile

One more thing:

Need help? Don't hesitate to reach out to us via GitHub issues or on Slack:

  https://community.getdbt.com/

Happy modeling!

[0m20:16:26.840149 [info ] [MainThread]: Setting up your profile.
[0m20:16:51.712962 [error] [MainThread]: Encountered an error:

[0m20:16:51.718476 [error] [MainThread]: Traceback (most recent call last):
  File "/Users/element/Documents/venvs/mmi_env/lib/python3.11/site-packages/dbt/cli/requires.py", line 153, in wrapper
    result, success = func(*args, **kwargs)
                      ^^^^^^^^^^^^^^^^^^^^^
  File "/Users/element/Documents/venvs/mmi_env/lib/python3.11/site-packages/dbt/cli/requires.py", line 103, in wrapper
    return func(*args, **kwargs)
           ^^^^^^^^^^^^^^^^^^^^^
  File "/Users/element/Documents/venvs/mmi_env/lib/python3.11/site-packages/dbt/cli/main.py", line 477, in init
    results = task.run()
              ^^^^^^^^^^
  File "/Users/element/Documents/venvs/mmi_env/lib/python3.11/site-packages/dbt/task/init.py", line 346, in run
    self.setup_profile(profile_name)
  File "/Users/element/Documents/venvs/mmi_env/lib/python3.11/site-packages/dbt/task/init.py", line 262, in setup_profile
    self.create_profile_from_target(adapter, profile_name=profile_name)
  File "/Users/element/Documents/venvs/mmi_env/lib/python3.11/site-packages/dbt/task/init.py", line 179, in create_profile_from_target
    self.create_profile_from_profile_template(profile_template, profile_name)
  File "/Users/element/Documents/venvs/mmi_env/lib/python3.11/site-packages/dbt/task/init.py", line 163, in create_profile_from_profile_template
    target = self.generate_target_from_input(prompts, initial_target)
             ^^^^^^^^^^^^^^^^^^^^^^^^^^^^^^^^^^^^^^^^^^^^^^^^^^^^^^^^
  File "/Users/element/Documents/venvs/mmi_env/lib/python3.11/site-packages/dbt/task/init.py", line 113, in generate_target_from_input
    numeric_choice = click.prompt(prompt_msg, type=click.INT)
                     ^^^^^^^^^^^^^^^^^^^^^^^^^^^^^^^^^^^^^^^^
  File "/Users/element/Documents/venvs/mmi_env/lib/python3.11/site-packages/click/termui.py", line 168, in prompt
    value = prompt_func(prompt)
            ^^^^^^^^^^^^^^^^^^^
  File "/Users/element/Documents/venvs/mmi_env/lib/python3.11/site-packages/click/termui.py", line 151, in prompt_func
    raise Abort() from None
click.exceptions.Abort

[0m20:16:52.181823 [debug] [MainThread]: Resource report: {"command_name": "init", "command_success": false, "command_wall_clock_time": 25.39999, "process_in_blocks": "0", "process_kernel_time": 0.226074, "process_mem_max_rss": "166232064", "process_out_blocks": "0", "process_user_time": 0.883979}
[0m20:16:52.183129 [debug] [MainThread]: Command `dbt init` failed at 20:16:52.182961 after 25.40 seconds
[0m20:16:52.183736 [debug] [MainThread]: Sending event: {'category': 'dbt', 'action': 'invocation', 'label': 'end', 'context': [<snowplow_tracker.self_describing_json.SelfDescribingJson object at 0x10d267990>, <snowplow_tracker.self_describing_json.SelfDescribingJson object at 0x10d1d2c10>, <snowplow_tracker.self_describing_json.SelfDescribingJson object at 0x10d1d3cd0>]}
[0m20:16:52.184321 [debug] [MainThread]: Flushing usage events
[0m20:16:52.365592 [debug] [MainThread]: An error was encountered while trying to flush usage events
